<?xml version="1.0" encoding="UTF-8"?>
<!-- Generated by org.testng.reporters.JUnitXMLReporter -->
<testsuite hostname="DESKTOP-TKHHJCC" failures="1" tests="5" name="Test" time="56.402" errors="0" timestamp="10 Mar 2020 03:50:59 GMT">
  <testcase classname="pack.HomePageTest" name="basePageNavigation" time="0.001">
    <failure type="java.lang.Error" message="Unresolved compilation problem: 
	Syntax error on token &amp;quot;.&amp;quot;, delete this token
">
      <![CDATA[java.lang.Error: Unresolved compilation problem: 
	Syntax error on token ".", delete this token

	at pack.HomePageTest.basePageNavigation(HomePageTest.java:36)
	at org.apache.maven.surefire.testng.TestNGExecutor.run(TestNGExecutor.java:283)
	at org.apache.maven.surefire.testng.TestNGXmlTestSuite.execute(TestNGXmlTestSuite.java:75)
	at org.apache.maven.surefire.testng.TestNGProvider.invoke(TestNGProvider.java:120)
	at org.apache.maven.surefire.booter.ForkedBooter.runSuitesInProcess(ForkedBooter.java:377)
	at org.apache.maven.surefire.booter.ForkedBooter.execute(ForkedBooter.java:138)
	at org.apache.maven.surefire.booter.ForkedBooter.run(ForkedBooter.java:465)
	at org.apache.maven.surefire.booter.ForkedBooter.main(ForkedBooter.java:451)
... Removed 21 stack frames]]>
    </failure>
  </testcase> <!-- basePageNavigation -->
  <testcase classname="pack.HP_ValidateFreeCancellationTextTest" name="basePageNavigation" time="0.069"/>
  <testcase classname="pack.HP_ValidateNavigationBarTest" name="basePageNavigation" time="0.069"/>
  <testcase classname="pack.LoginnPageTest" name="loginPage" time="1.756"/>
  <testcase classname="pack.LoginnPageTest" name="loginPage" time="0.285"/>
</testsuite> <!-- Test -->
