<?xml version="1.0" encoding="UTF-8"?>
<testng-results total="5" passed="4" failed="1" skipped="0">
  <reporter-output>
  </reporter-output>
  <suite started-at="2020-03-10T03:50:03Z" name="Suite" finished-at="2020-03-10T03:50:59Z" duration-ms="56402">
    <groups>
    </groups>
    <test started-at="2020-03-10T03:50:03Z" name="Test" finished-at="2020-03-10T03:50:59Z" duration-ms="56402">
      <class name="pack.HP_ValidateNavigationBarTest">
        <test-method is-config="true" signature="initialize()[pri:0, instance:pack.HP_ValidateNavigationBarTest@2826f61]" started-at="2020-03-09T23:50:35Z" name="initialize" finished-at="2020-03-09T23:50:46Z" duration-ms="11115" status="PASS">
          <reporter-output>
          </reporter-output>
        </test-method> <!-- initialize -->
        <test-method signature="basePageNavigation()[pri:0, instance:pack.HP_ValidateNavigationBarTest@2826f61]" started-at="2020-03-09T23:50:46Z" name="basePageNavigation" finished-at="2020-03-09T23:50:46Z" duration-ms="69" status="PASS">
          <reporter-output>
          </reporter-output>
        </test-method> <!-- basePageNavigation -->
        <test-method is-config="true" signature="quitBrowser()[pri:0, instance:pack.HP_ValidateNavigationBarTest@2826f61]" started-at="2020-03-09T23:50:46Z" name="quitBrowser" finished-at="2020-03-09T23:50:46Z" duration-ms="281" status="PASS">
          <reporter-output>
          </reporter-output>
        </test-method> <!-- quitBrowser -->
      </class> <!-- pack.HP_ValidateNavigationBarTest -->
      <class name="pack.LoginnPageTest">
        <test-method is-config="true" signature="initialize()[pri:0, instance:pack.LoginnPageTest@55322aab]" started-at="2020-03-09T23:50:46Z" name="initialize" finished-at="2020-03-09T23:50:57Z" duration-ms="10792" status="PASS">
          <reporter-output>
          </reporter-output>
        </test-method> <!-- initialize -->
        <test-method signature="loginPage(java.lang.String, java.lang.String)[pri:0, instance:pack.LoginnPageTest@55322aab]" started-at="2020-03-09T23:50:57Z" name="loginPage" data-provider="getData" finished-at="2020-03-09T23:50:59Z" duration-ms="1756" status="PASS">
          <params>
            <param index="0">
              <value>
                <![CDATA[emre]]>
              </value>
            </param>
            <param index="1">
              <value>
                <![CDATA[Abcd1234]]>
              </value>
            </param>
          </params>
          <reporter-output>
          </reporter-output>
        </test-method> <!-- loginPage -->
        <test-method signature="loginPage(java.lang.String, java.lang.String)[pri:0, instance:pack.LoginnPageTest@55322aab]" started-at="2020-03-09T23:50:59Z" name="loginPage" data-provider="getData" finished-at="2020-03-09T23:50:59Z" duration-ms="285" status="PASS">
          <params>
            <param index="0">
              <value>
                <![CDATA[eniste]]>
              </value>
            </param>
            <param index="1">
              <value>
                <![CDATA[Asd4321]]>
              </value>
            </param>
          </params>
          <reporter-output>
          </reporter-output>
        </test-method> <!-- loginPage -->
        <test-method is-config="true" signature="quitBrowser()[pri:0, instance:pack.LoginnPageTest@55322aab]" started-at="2020-03-09T23:50:59Z" name="quitBrowser" finished-at="2020-03-09T23:50:59Z" duration-ms="175" status="PASS">
          <reporter-output>
          </reporter-output>
        </test-method> <!-- quitBrowser -->
      </class> <!-- pack.LoginnPageTest -->
      <class name="pack.HP_ValidateFreeCancellationTextTest">
        <test-method is-config="true" signature="initialize()[pri:0, instance:pack.HP_ValidateFreeCancellationTextTest@62727399]" started-at="2020-03-09T23:50:20Z" name="initialize" finished-at="2020-03-09T23:50:31Z" duration-ms="10944" status="PASS">
          <reporter-output>
          </reporter-output>
        </test-method> <!-- initialize -->
        <test-method signature="basePageNavigation()[pri:0, instance:pack.HP_ValidateFreeCancellationTextTest@62727399]" started-at="2020-03-09T23:50:31Z" name="basePageNavigation" finished-at="2020-03-09T23:50:31Z" duration-ms="69" status="PASS">
          <reporter-output>
          </reporter-output>
        </test-method> <!-- basePageNavigation -->
        <test-method is-config="true" signature="quitBrowser()[pri:0, instance:pack.HP_ValidateFreeCancellationTextTest@62727399]" started-at="2020-03-09T23:50:31Z" name="quitBrowser" finished-at="2020-03-09T23:50:35Z" duration-ms="4116" status="PASS">
          <reporter-output>
          </reporter-output>
        </test-method> <!-- quitBrowser -->
      </class> <!-- pack.HP_ValidateFreeCancellationTextTest -->
      <class name="pack.HomePageTest">
        <test-method is-config="true" signature="initialize()[pri:0, instance:pack.HomePageTest@13d9b21f]" started-at="2020-03-09T23:50:03Z" name="initialize" finished-at="2020-03-09T23:50:14Z" duration-ms="11450" status="PASS">
          <reporter-output>
          </reporter-output>
        </test-method> <!-- initialize -->
        <test-method signature="basePageNavigation()[pri:0, instance:pack.HomePageTest@13d9b21f]" started-at="2020-03-09T23:50:14Z" name="basePageNavigation" finished-at="2020-03-09T23:50:14Z" duration-ms="1" status="FAIL">
          <exception class="java.lang.Error">
            <message>
              <![CDATA[Unresolved compilation problem: 
	Syntax error on token ".", delete this token
]]>
            </message>
            <full-stacktrace>
              <![CDATA[java.lang.Error: Unresolved compilation problem: 
	Syntax error on token ".", delete this token

	at pack.HomePageTest.basePageNavigation(HomePageTest.java:36)
	at java.base/jdk.internal.reflect.NativeMethodAccessorImpl.invoke0(Native Method)
	at java.base/jdk.internal.reflect.NativeMethodAccessorImpl.invoke(NativeMethodAccessorImpl.java:62)
	at java.base/jdk.internal.reflect.DelegatingMethodAccessorImpl.invoke(DelegatingMethodAccessorImpl.java:43)
	at java.base/java.lang.reflect.Method.invoke(Method.java:567)
	at org.testng.internal.MethodInvocationHelper.invokeMethod(MethodInvocationHelper.java:80)
	at org.testng.internal.Invoker.invokeMethod(Invoker.java:714)
	at org.testng.internal.Invoker.invokeTestMethod(Invoker.java:901)
	at org.testng.internal.Invoker.invokeTestMethods(Invoker.java:1231)
	at org.testng.internal.TestMethodWorker.invokeTestMethods(TestMethodWorker.java:127)
	at org.testng.internal.TestMethodWorker.run(TestMethodWorker.java:111)
	at org.testng.TestRunner.privateRun(TestRunner.java:767)
	at org.testng.TestRunner.run(TestRunner.java:617)
	at org.testng.SuiteRunner.runTest(SuiteRunner.java:334)
	at org.testng.SuiteRunner.runSequentially(SuiteRunner.java:329)
	at org.testng.SuiteRunner.privateRun(SuiteRunner.java:291)
	at org.testng.SuiteRunner.run(SuiteRunner.java:240)
	at org.testng.SuiteRunnerWorker.runSuite(SuiteRunnerWorker.java:52)
	at org.testng.SuiteRunnerWorker.run(SuiteRunnerWorker.java:86)
	at org.testng.TestNG.runSuitesSequentially(TestNG.java:1198)
	at org.testng.TestNG.runSuitesLocally(TestNG.java:1123)
	at org.testng.TestNG.run(TestNG.java:1031)
	at org.apache.maven.surefire.testng.TestNGExecutor.run(TestNGExecutor.java:283)
	at org.apache.maven.surefire.testng.TestNGXmlTestSuite.execute(TestNGXmlTestSuite.java:75)
	at org.apache.maven.surefire.testng.TestNGProvider.invoke(TestNGProvider.java:120)
	at org.apache.maven.surefire.booter.ForkedBooter.runSuitesInProcess(ForkedBooter.java:377)
	at org.apache.maven.surefire.booter.ForkedBooter.execute(ForkedBooter.java:138)
	at org.apache.maven.surefire.booter.ForkedBooter.run(ForkedBooter.java:465)
	at org.apache.maven.surefire.booter.ForkedBooter.main(ForkedBooter.java:451)
]]>
            </full-stacktrace>
          </exception> <!-- java.lang.Error -->
          <reporter-output>
          </reporter-output>
        </test-method> <!-- basePageNavigation -->
        <test-method is-config="true" signature="quitBrowser()[pri:0, instance:pack.HomePageTest@13d9b21f]" started-at="2020-03-09T23:50:16Z" name="quitBrowser" finished-at="2020-03-09T23:50:20Z" duration-ms="4110" status="PASS">
          <reporter-output>
          </reporter-output>
        </test-method> <!-- quitBrowser -->
      </class> <!-- pack.HomePageTest -->
    </test> <!-- Test -->
  </suite> <!-- Suite -->
</testng-results>
