-------------------------------------------------------------------------------
Test set: TestSuite
-------------------------------------------------------------------------------
Tests run: 5, Failures: 1, Errors: 0, Skipped: 0, Time elapsed: 57.777 s <<< FAILURE! - in TestSuite
pack.HomePageTest.basePageNavigation  Time elapsed: 0.006 s  <<< FAILURE!
java.lang.Error: 
Unresolved compilation problem: 
	Syntax error on token ".", delete this token

	at pack.HomePageTest.basePageNavigation(HomePageTest.java:36)

