<?xml version="1.0" encoding="UTF-8"?>
<testsuite xmlns:xsi="http://www.w3.org/2001/XMLSchema-instance" xsi:noNamespaceSchemaLocation="https://maven.apache.org/surefire/maven-surefire-plugin/xsd/surefire-test-report-3.0.xsd" version="3.0" name="TestSuite" time="57.777" tests="5" errors="0" skipped="0" failures="1">
  <properties>
[...]
</properties>
  <testcase name="basePageNavigation" classname="pack.HomePageTest" time="0.006">
    <failure message="Unresolved compilation problem: &#10;	Syntax error on token &quot;.&quot;, delete this token&#10;" type="java.lang.Error"><![CDATA[java.lang.Error: 
Unresolved compilation problem: 
	Syntax error on token ".", delete this token

	at pack.HomePageTest.basePageNavigation(HomePageTest.java:36)
]]></failure>
    <system-out><![CDATA[*********************
]]></system-out>
    <system-err><![CDATA[Starting ChromeDriver 79.0.3945.36 (3582db32b33893869b8c1339e8f4d9ed1816f143-refs/branch-heads/3945@{#614}) on port 17401
Only local connections are allowed.
Please protect ports used by ChromeDriver and related test frameworks to prevent access by malicious code.
[1583812204.887][WARNING]: This version of ChromeDriver has not been tested with Chrome version 80.
[1583812206.897][WARNING]: Timed out connecting to Chrome, retrying...
Mar 09, 2020 11:50:08 PM org.openqa.selenium.remote.ProtocolHandshake createSession
INFO: Detected dialect: W3C
[1583812212.827][WARNING]: Timed out connecting to Chrome, retrying...
]]></system-err>
  </testcase>
  <testcase name="basePageNavigation" classname="pack.HP_ValidateFreeCancellationTextTest" time="0.069"/>
  <testcase name="basePageNavigation" classname="pack.HP_ValidateNavigationBarTest" time="0.064"/>
  <testcase name="loginPage" classname="pack.LoginnPageTest" time="1.756"/>
  <testcase name="loginPage" classname="pack.LoginnPageTest" time="0.285"/>
</testsuite>